Pushing app sewiya-connector-srv to org b991bb6btrial / space dev as abdulbasha.shaik@pwc.com...
Applying manifest file manifest.yml...

Updating with these attributes...
  ---
  applications:
+ - name: sewiya-connector-srv
    path: gen\srv
    memory: 512M
+   default-route: true
+   buildpack: nodejs_buildpack
+   env:
+     NODE_ENV: production
+   services:
+   - sewiya-auth-xsuaa
+   - sewiya-connector-db
+   - sewiya-dest
Manifest applied
Packaging files to upload...
Uploading files...
 0 B / 38.43 KiB    0.00% 38.43 KiB / 38.43 KiB  100.00% 38.43 KiB / 38.43 KiB  100.00% 38.43 KiB / 38.43 KiB  100.00% 38.43 KiB / 38.43 KiB  100.00% 38.43 KiB / 38.43 KiB  100.00% 38.43 KiB / 38.43 KiB  100.00% 38.43 KiB / 38.43 KiB  100.00% 38.43 KiB / 38.43 KiB  100.00% 38.43 KiB / 38.43 KiB  100.00% 1s

Waiting for API to complete processing files...

Staging app and tracing logs...
   Downloading nodejs_buildpack...
   Downloaded nodejs_buildpack
   Cell d1cc041a-d5a1-41d6-b9f6-6cda736ce3f0 creating container for instance d47d0e2d-d498-419d-a5b1-b1e9b1df7d6b
   Security group rules were updated
   Cell d1cc041a-d5a1-41d6-b9f6-6cda736ce3f0 successfully created container for instance d47d0e2d-d498-419d-a5b1-b1e9b1df7d6b
   Downloading app package...
   Downloaded app package (38.4K)
   -----> Nodejs Buildpack version 1.8.44
   -----> Bootstrapping python
   -----> Installing python 3.11.14
   Copy [/tmp/buildpacks/978cee5ec9c58000/dependencies/b5e0345ae0ae1932e7d56fffaa49a487/python_3.11.14_linux_x64_cflinuxfs4_66f53248.tgz]
   -----> Installing binaries
   engines.node (package.json): >=20
   engines.npm (package.json): unspecified (use default)
   [31;1m**WARNING**[0m Dangerous semver range (>) in engines.node. See: http://docs.cloudfoundry.org/buildpacks/node/node-tips.html
   -----> Installing node 24.13.0
   Copy [/tmp/buildpacks/978cee5ec9c58000/dependencies/2f5692219fecc3eee6e6d507a6bfe7b9/node_24.13.0_linux_x64_cflinuxfs4_a816dee1.tgz]
   Using default npm version: 11.6.2
   -----> Installing yarn 1.22.22
   Copy [/tmp/buildpacks/978cee5ec9c58000/dependencies/e3a39aedd1236924d69cc2d0637a8ed2/yarn_1.22.22_linux_noarch_any-stack_4911d0a6.tgz]
   Installed yarn 1.22.22
   -----> Creating runtime environment
   [34;1mPRO TIP:[0m It is recommended to vendor the application's Node.js dependencies
   Visit http://docs.cloudfoundry.org/buildpacks/node/index.html#vendoring
   NODE_ENV=production
   NODE_HOME=/tmp/contents3142313576/deps/0/node
   NODE_MODULES_CACHE=true
   NODE_VERBOSE=false
   NPM_CONFIG_LOGLEVEL=error
   NPM_CONFIG_PRODUCTION=true
   -----> Building dependencies
   Installing node modules (package.json + package-lock.json)
   added 155 packages, and audited 156 packages in 3s
   33 packages are looking for funding
   run `npm fund` for details
   found 0 vulnerabilities
   npm notice
   npm notice New minor version of npm available! 11.6.2 -> 11.15.0
   npm notice Changelog: https://github.com/npm/cli/releases/tag/v11.15.0
   npm notice To update run: npm install -g npm@11.15.0
   npm notice
   [31;1m**WARNING**[0m Unmet dependencies don't fail npm install but may cause runtime issues
   See: https://github.com/npm/npm/issues/7494
   Contrast Security no credentials found. Will not write environment files.
   Exit status 0
   Uploading droplet, build artifacts cache...
   Uploading droplet...
   Uploading build artifacts cache...
   Uploaded build artifacts cache (4.8M)

Waiting for app sewiya-connector-srv to start...

Instances starting...
Instances starting...
Instances starting...
Instances starting...

name:                sewiya-connector-srv
requested state:     started
isolation segment:   trial
routes:              sewiya-connector-srv.cfapps.us10-001.hana.ondemand.com
last uploaded:       Wed 27 May 11:36:46 IST 2026
stack:               cflinuxfs4
buildpacks:          
isolation segment:   trial
	name               version   detect output   buildpack name
	nodejs_buildpack   1.8.44    nodejs          nodejs

type:            web
sidecars:        
instances:       1/1
memory usage:    512M
start command:   npm start
     state     since                  cpu    memory     disk       logging        cpu entitlement   details   ready
#0   running   2026-05-27T06:07:05Z   0.0%   0B of 0B   0B of 0B   0B/s of 0B/s   0.0%                        true
